<?xml version="1.0" encoding="UTF-8"?>
<Site BuildName="(empty)"
	BuildStamp="20241026-0341-Experimental"
	Name="AndysPC"
	Generator="ctest-3.22.1"
	CompilerName="/usr/bin/c++"
	CompilerVersion="11.4.0"
	OSName="Linux"
	Hostname="AndysPC"
	OSRelease="6.8.0-47-generic"
	OSVersion="#47~22.04.1-Ubuntu SMP PREEMPT_DYNAMIC Wed Oct  2 16:16:55 UTC 2"
	OSPlatform="x86_64"
	Is64Bits="1"
	VendorString="GenuineIntel"
	VendorID="Intel Corporation"
	FamilyID="6"
	ModelID="165"
	ProcessorCacheSize="16384"
	NumberOfLogicalCPU="16"
	NumberOfPhysicalCPU="8"
	TotalVirtualMemory="2047"
	TotalPhysicalMemory="31929"
	LogicalProcessorsPerPhysical="2"
	ProcessorClockFrequency="4002.48"
	>
	<Testing>
		<StartDateTime>Oct 27 10:29 AEDT</StartDateTime>
		<StartTestTime>1729985397</StartTestTime>
		<TestList/>
		<EndDateTime>Oct 27 10:29 AEDT</EndDateTime>
		<EndTestTime>1729985397</EndTestTime>
		<ElapsedMinutes>0</ElapsedMinutes>
	</Testing>
</Site>
